2025-06-28 23:18:39.726 WARNING (SyncWorker_0) [homeassistant.loader] We found a custom integration xcc which has not been tested by Home Assistant. This component might cause stability problems, be sure to disable it if you experience issues with Home Assistant
2025-06-28 23:18:40.031 INFO (MainThread) [homeassistant.setup] Setup of domain http took 0.01 seconds
2025-06-28 23:18:40.031 INFO (MainThread) [homeassistant.setup] Setup of domain logger took 0.01 seconds
2025-06-28 23:18:40.031 INFO (MainThread) [homeassistant.setup] Setup of domain system_log took 0.01 seconds
2025-06-28 23:18:40.031 INFO (MainThread) [homeassistant.setup] Setting up websocket_api
2025-06-28 23:18:40.031 INFO (MainThread) [homeassistant.setup] Setup of domain websocket_api took 0.00 seconds
2025-06-28 23:18:40.032 INFO (MainThread) [homeassistant.setup] Setting up network
2025-06-28 23:18:40.033 INFO (MainThread) [homeassistant.setup] Setup of domain network took 0.00 seconds
2025-06-28 23:18:40.033 INFO (MainThread) [homeassistant.bootstrap] Setting up stage frontend: {'frontend'} | set()
Dependencies: {'diagnostics', 'lovelace', 'repairs', 'auth', 'api', 'device_automation', 'file_upload', 'config', 'search', 'onboarding'} | {'websocket_api', 'http', 'system_log'}
2025-06-28 23:18:40.033 INFO (MainThread) [homeassistant.setup] Setting up api
2025-06-28 23:18:40.033 INFO (MainThread) [homeassistant.setup] Setup of domain api took 0.00 seconds
2025-06-28 23:18:40.033 INFO (MainThread) [homeassistant.setup] Setting up auth
2025-06-28 23:18:40.034 INFO (MainThread) [homeassistant.setup] Setup of domain auth took 0.00 seconds
2025-06-28 23:18:40.034 INFO (MainThread) [homeassistant.setup] Setting up config
2025-06-28 23:18:40.034 INFO (MainThread) [homeassistant.setup] Setup of domain config took 0.00 seconds
2025-06-28 23:18:40.034 INFO (MainThread) [homeassistant.setup] Setting up device_automation
2025-06-28 23:18:40.034 INFO (MainThread) [homeassistant.setup] Setup of domain device_automation took 0.00 seconds
2025-06-28 23:18:40.034 INFO (MainThread) [homeassistant.setup] Setting up diagnostics
2025-06-28 23:18:40.035 INFO (MainThread) [homeassistant.setup] Setup of domain diagnostics took 0.00 seconds
2025-06-28 23:18:40.035 INFO (MainThread) [homeassistant.setup] Setting up file_upload
2025-06-28 23:18:40.035 INFO (MainThread) [homeassistant.setup] Setup of domain file_upload took 0.00 seconds
2025-06-28 23:18:40.035 INFO (MainThread) [homeassistant.setup] Setting up onboarding
2025-06-28 23:18:40.035 INFO (MainThread) [homeassistant.setup] Setting up repairs
2025-06-28 23:18:40.035 INFO (MainThread) [homeassistant.setup] Setup of domain repairs took 0.00 seconds
2025-06-28 23:18:40.035 INFO (MainThread) [homeassistant.setup] Setting up search
2025-06-28 23:18:40.035 INFO (MainThread) [homeassistant.setup] Setup of domain search took 0.00 seconds
2025-06-28 23:18:40.036 INFO (MainThread) [homeassistant.setup] Setup of domain onboarding took 0.00 seconds
2025-06-28 23:18:40.036 INFO (MainThread) [homeassistant.setup] Setting up lovelace
2025-06-28 23:18:40.037 INFO (MainThread) [homeassistant.setup] Setup of domain lovelace took 0.00 seconds
2025-06-28 23:18:40.039 INFO (MainThread) [homeassistant.setup] Setting up frontend
2025-06-28 23:18:40.042 INFO (MainThread) [homeassistant.setup] Setup of domain frontend took 0.00 seconds
2025-06-28 23:18:40.042 INFO (MainThread) [homeassistant.bootstrap] Setting up stage recorder: {'recorder'} | set()
Dependencies: set() | set()
2025-06-28 23:18:40.043 INFO (MainThread) [homeassistant.components.http] Now listening on port 8123
2025-06-28 23:18:40.043 INFO (MainThread) [homeassistant.setup] Setup of domain http took 0.00 seconds
2025-06-28 23:18:40.047 INFO (MainThread) [homeassistant.setup] Setting up recorder
2025-06-28 23:18:40.074 INFO (MainThread) [homeassistant.setup] Setup of domain recorder took 0.03 seconds
2025-06-28 23:18:40.074 INFO (MainThread) [homeassistant.bootstrap] Nothing to set up in stage debugger: {'debugpy'}
2025-06-28 23:18:40.074 INFO (MainThread) [homeassistant.bootstrap] Setting up stage zeroconf: {'zeroconf'} | set()
Dependencies: set() | {'api', 'network', 'websocket_api', 'http'}
2025-06-28 23:18:40.074 INFO (MainThread) [homeassistant.setup] Setting up zeroconf
2025-06-28 23:18:40.075 INFO (MainThread) [homeassistant.setup] Setup of domain zeroconf took 0.00 seconds
2025-06-28 23:18:40.075 INFO (MainThread) [homeassistant.bootstrap] Setting up stage 1: {'cloud', 'dhcp', 'usb', 'ssdp', 'bluetooth'} | set()
Dependencies: {'assist_pipeline', 'stt', 'backup', 'tts', 'intent', 'conversation', 'ffmpeg', 'webhook', 'wake_word'} | {'network', 'repairs', 'http', 'websocket_api', 'auth'}
2025-06-28 23:18:40.075 INFO (MainThread) [homeassistant.setup] Setting up webhook
2025-06-28 23:18:40.075 INFO (MainThread) [homeassistant.setup] Setup of domain webhook took 0.00 seconds
2025-06-28 23:18:40.076 INFO (MainThread) [homeassistant.setup] Setting up backup
2025-06-28 23:18:40.078 INFO (MainThread) [homeassistant.setup] Setup of domain backup took 0.00 seconds
2025-06-28 23:18:40.080 INFO (MainThread) [homeassistant.setup] Setting up stt
2025-06-28 23:18:40.080 INFO (MainThread) [homeassistant.setup] Setup of domain stt took 0.00 seconds
2025-06-28 23:18:40.081 INFO (MainThread) [homeassistant.components.zeroconf] Starting Zeroconf broadcast
2025-06-28 23:18:40.082 INFO (MainThread) [homeassistant.setup] Setting up wake_word
2025-06-28 23:18:40.082 INFO (MainThread) [homeassistant.setup] Setup of domain wake_word took 0.00 seconds
2025-06-28 23:18:40.085 INFO (MainThread) [homeassistant.setup] Setting up ffmpeg
2025-06-28 23:18:40.085 INFO (MainThread) [homeassistant.setup] Setup of domain ffmpeg took 0.00 seconds
2025-06-28 23:18:40.090 INFO (MainThread) [homeassistant.setup] Setting up intent
2025-06-28 23:18:40.090 INFO (MainThread) [homeassistant.setup] Setup of domain intent took 0.00 seconds
2025-06-28 23:18:40.341 INFO (MainThread) [homeassistant.setup] Setting up dhcp
2025-06-28 23:18:40.341 INFO (MainThread) [homeassistant.setup] Setup of domain dhcp took 0.00 seconds
2025-06-28 23:18:40.354 INFO (MainThread) [homeassistant.setup] Setting up usb
2025-06-28 23:18:40.355 INFO (MainThread) [homeassistant.setup] Setup of domain usb took 0.00 seconds
2025-06-28 23:18:40.383 INFO (MainThread) [homeassistant.setup] Setting up ssdp
2025-06-28 23:18:40.385 INFO (MainThread) [homeassistant.setup] Setup of domain ssdp took 0.00 seconds
2025-06-28 23:18:40.408 INFO (MainThread) [homeassistant.setup] Setting up tts
2025-06-28 23:18:40.409 INFO (SyncWorker_4) [homeassistant.components.tts] Create cache dir /config/tts
2025-06-28 23:18:40.411 INFO (MainThread) [homeassistant.setup] Setup of domain tts took 0.00 seconds
2025-06-28 23:18:40.455 INFO (MainThread) [homeassistant.setup] Setting up conversation
2025-06-28 23:18:40.475 INFO (MainThread) [homeassistant.setup] Setup of domain conversation took 0.02 seconds
2025-06-28 23:18:40.476 INFO (MainThread) [homeassistant.setup] Setting up bluetooth
2025-06-28 23:18:40.479 INFO (MainThread) [homeassistant.setup] Setting up assist_pipeline
2025-06-28 23:18:40.480 INFO (MainThread) [homeassistant.setup] Setup of domain assist_pipeline took 0.00 seconds
2025-06-28 23:18:40.491 INFO (MainThread) [homeassistant.setup] Setup of domain bluetooth took 0.02 seconds
2025-06-28 23:18:40.708 INFO (MainThread) [homeassistant.setup] Setting up cloud
2025-06-28 23:18:40.709 INFO (MainThread) [homeassistant.setup] Setup of domain cloud took 0.00 seconds
2025-06-28 23:18:40.710 INFO (MainThread) [homeassistant.bootstrap] Setting up stage 2: {'hardware', 'schedule', 'application_credentials', 'automation', 'person', 'input_select', 'input_number', 'analytics', 'default_config', 'template', 'mqtt', 'timer', 'system_health', 'script', 'input_boolean', 'input_button', 'counter', 'zone', 'input_text', 'input_datetime', 'tag', 'scene'} | {'network', 'frontend', 'http', 'recorder', 'logger', 'backup'}
Dependencies: {'logbook', 'stream', 'media_source', 'go2rtc', 'my', 'energy', 'mobile_app', 'sun', 'history', 'homeassistant_alerts', 'blueprint', 'trace', 'camera', 'image_upload'} | {'stt', 'http', 'dhcp', 'api', 'recorder', 'usb', 'system_log', 'ssdp', 'conversation', 'wake_word', 'frontend', 'diagnostics', 'tts', 'intent', 'device_automation', 'ffmpeg', 'backup', 'onboarding', 'bluetooth', 'network', 'repairs', 'zeroconf', 'webhook', 'search', 'websocket_api', 'assist_pipeline', 'lovelace', 'cloud', 'file_upload', 'config', 'auth'}
2025-06-28 23:18:40.710 INFO (MainThread) [homeassistant.setup] Setting up camera
2025-06-28 23:18:40.710 INFO (MainThread) [homeassistant.setup] Setting up scene
2025-06-28 23:18:40.710 INFO (MainThread) [homeassistant.components.scene] Setting up homeassistant.scene
2025-06-28 23:18:40.710 INFO (MainThread) [homeassistant.setup] Setup of domain scene took 0.00 seconds
2025-06-28 23:18:40.710 INFO (MainThread) [homeassistant.setup] Setting up blueprint
2025-06-28 23:18:40.710 INFO (MainThread) [homeassistant.setup] Setup of domain blueprint took 0.00 seconds
2025-06-28 23:18:40.710 INFO (MainThread) [homeassistant.setup] Setting up trace
2025-06-28 23:18:40.710 INFO (MainThread) [homeassistant.setup] Setup of domain trace took 0.00 seconds
2025-06-28 23:18:40.710 INFO (MainThread) [homeassistant.setup] Setting up script
2025-06-28 23:18:40.711 INFO (MainThread) [homeassistant.setup] Setup of domain script took 0.00 seconds
2025-06-28 23:18:40.711 INFO (MainThread) [homeassistant.setup] Setting up input_boolean
2025-06-28 23:18:40.711 INFO (MainThread) [homeassistant.setup] Setting up input_button
2025-06-28 23:18:40.711 INFO (MainThread) [homeassistant.setup] Setting up image_upload
2025-06-28 23:18:40.711 INFO (MainThread) [homeassistant.setup] Setting up zone
2025-06-28 23:18:40.711 INFO (MainThread) [homeassistant.setup] Setting up logbook
2025-06-28 23:18:40.712 INFO (MainThread) [homeassistant.setup] Setup of domain logbook took 0.00 seconds
2025-06-28 23:18:40.712 INFO (MainThread) [homeassistant.setup] Setting up stream
2025-06-28 23:18:40.712 INFO (MainThread) [homeassistant.setup] Setting up input_select
2025-06-28 23:18:40.713 INFO (MainThread) [homeassistant.setup] Setting up media_source
2025-06-28 23:18:40.714 INFO (MainThread) [homeassistant.setup] Setup of domain media_source took 0.00 seconds
2025-06-28 23:18:40.714 INFO (MainThread) [homeassistant.setup] Setting up input_number
2025-06-28 23:18:40.714 INFO (MainThread) [homeassistant.setup] Setting up history
2025-06-28 23:18:40.714 INFO (MainThread) [homeassistant.setup] Setup of domain history took 0.00 seconds
2025-06-28 23:18:40.714 INFO (MainThread) [homeassistant.setup] Setting up timer
2025-06-28 23:18:40.714 INFO (MainThread) [homeassistant.setup] Setting up system_health
2025-06-28 23:18:40.714 INFO (MainThread) [homeassistant.setup] Setup of domain system_health took 0.00 seconds
2025-06-28 23:18:40.714 INFO (MainThread) [homeassistant.setup] Setup of domain input_boolean took 0.00 seconds
2025-06-28 23:18:40.715 INFO (MainThread) [homeassistant.setup] Setup of domain image_upload took 0.00 seconds
2025-06-28 23:18:40.715 INFO (MainThread) [homeassistant.setup] Setup of domain camera took 0.01 seconds
2025-06-28 23:18:40.715 INFO (MainThread) [homeassistant.setup] Setup of domain input_select took 0.00 seconds
2025-06-28 23:18:40.716 INFO (MainThread) [homeassistant.setup] Setting up person
2025-06-28 23:18:40.716 INFO (MainThread) [homeassistant.setup] Setup of domain input_button took 0.01 seconds
2025-06-28 23:18:40.717 INFO (MainThread) [homeassistant.setup] Setup of domain zone took 0.01 seconds
2025-06-28 23:18:40.717 INFO (MainThread) [homeassistant.setup] Setup of domain input_number took 0.00 seconds
2025-06-28 23:18:40.718 INFO (MainThread) [homeassistant.setup] Setup of domain person took 0.00 seconds
2025-06-28 23:18:40.718 INFO (MainThread) [homeassistant.setup] Setup of domain timer took 0.00 seconds
2025-06-28 23:18:40.855 INFO (MainThread) [homeassistant.setup] Setting up hardware
2025-06-28 23:18:40.859 INFO (MainThread) [homeassistant.setup] Setting up my
2025-06-28 23:18:40.859 INFO (MainThread) [homeassistant.setup] Setup of domain my took 0.00 seconds
2025-06-28 23:18:40.869 INFO (MainThread) [homeassistant.setup] Setting up schedule
2025-06-28 23:18:40.871 INFO (MainThread) [homeassistant.setup] Setting up application_credentials
2025-06-28 23:18:40.872 INFO (MainThread) [homeassistant.setup] Setup of domain schedule took 0.00 seconds
2025-06-28 23:18:40.872 INFO (MainThread) [homeassistant.setup] Setup of domain application_credentials took 0.00 seconds
2025-06-28 23:18:40.876 INFO (MainThread) [homeassistant.setup] Setting up counter
2025-06-28 23:18:40.876 INFO (MainThread) [homeassistant.setup] Setup of domain counter took 0.00 seconds
2025-06-28 23:18:40.883 INFO (MainThread) [homeassistant.setup] Setting up sun
2025-06-28 23:18:40.883 INFO (MainThread) [homeassistant.setup] Setup of domain sun took 0.00 seconds
2025-06-28 23:18:40.884 INFO (MainThread) [homeassistant.setup] Setting up sensor
2025-06-28 23:18:40.884 INFO (MainThread) [homeassistant.setup] Setup of domain sensor took 0.00 seconds
2025-06-28 23:18:40.884 INFO (MainThread) [homeassistant.components.sensor] Setting up sun.sensor
2025-06-28 23:18:40.884 INFO (MainThread) [homeassistant.helpers.entity_registry] Registered new sensor.sun entity: sensor.sun_next_dawn
2025-06-28 23:18:40.885 INFO (MainThread) [homeassistant.helpers.entity_registry] Registered new sensor.sun entity: sensor.sun_next_dusk
2025-06-28 23:18:40.885 INFO (MainThread) [homeassistant.helpers.entity_registry] Registered new sensor.sun entity: sensor.sun_next_midnight
2025-06-28 23:18:40.885 INFO (MainThread) [homeassistant.helpers.entity_registry] Registered new sensor.sun entity: sensor.sun_next_noon
2025-06-28 23:18:40.885 INFO (MainThread) [homeassistant.helpers.entity_registry] Registered new sensor.sun entity: sensor.sun_next_rising
2025-06-28 23:18:40.885 INFO (MainThread) [homeassistant.helpers.entity_registry] Registered new sensor.sun entity: sensor.sun_next_setting
2025-06-28 23:18:40.885 INFO (MainThread) [homeassistant.helpers.entity_registry] Registered new sensor.sun entity: sensor.sun_solar_elevation
2025-06-28 23:18:40.885 INFO (MainThread) [homeassistant.helpers.entity_registry] Registered new sensor.sun entity: sensor.sun_solar_azimuth
2025-06-28 23:18:40.885 INFO (MainThread) [homeassistant.helpers.entity_registry] Registered new sensor.sun entity: sensor.sun_solar_rising
2025-06-28 23:18:40.903 INFO (MainThread) [homeassistant.setup] Setting up tag
2025-06-28 23:18:40.905 INFO (MainThread) [homeassistant.setup] Setup of domain tag took 0.00 seconds
2025-06-28 23:18:40.906 INFO (MainThread) [homeassistant.setup] Setting up input_text
2025-06-28 23:18:40.907 INFO (MainThread) [homeassistant.setup] Setup of domain input_text took 0.00 seconds
2025-06-28 23:18:40.910 INFO (MainThread) [homeassistant.setup] Setup of domain hardware took 0.05 seconds
2025-06-28 23:18:40.922 INFO (MainThread) [homeassistant.setup] Setting up energy
2025-06-28 23:18:40.922 INFO (MainThread) [homeassistant.setup] Setup of domain energy took 0.00 seconds
2025-06-28 23:18:40.924 INFO (MainThread) [homeassistant.setup] Setting up input_datetime
2025-06-28 23:18:40.926 INFO (MainThread) [homeassistant.setup] Setup of domain input_datetime took 0.00 seconds
2025-06-28 23:18:40.936 INFO (MainThread) [homeassistant.setup] Setting up homeassistant_alerts
2025-06-28 23:18:40.936 INFO (MainThread) [homeassistant.setup] Setup of domain homeassistant_alerts took 0.00 seconds
2025-06-28 23:18:40.948 INFO (MainThread) [homeassistant.setup] Setup of domain stream took 0.24 seconds
2025-06-28 23:18:41.230 INFO (MainThread) [homeassistant.setup] Setting up template
2025-06-28 23:18:41.230 INFO (MainThread) [homeassistant.setup] Setup of domain template took 0.00 seconds
2025-06-28 23:18:41.230 INFO (MainThread) [homeassistant.components.sensor] Setting up template.sensor
2025-06-28 23:18:41.238 ERROR (MainThread) [homeassistant.config] Invalid config for 'mqtt' at configuration.yaml, line 18: 'broker' is an invalid option for 'mqtt', check: mqtt->0->broker, please check the docs at https://www.home-assistant.io/integrations/mqtt
Invalid config for 'mqtt' at configuration.yaml, line 18: 'discovery' is an invalid option for 'mqtt', check: mqtt->0->discovery, please check the docs at https://www.home-assistant.io/integrations/mqtt
Invalid config for 'mqtt' at configuration.yaml, line 18: 'discovery_prefix' is an invalid option for 'mqtt', check: mqtt->0->discovery_prefix, please check the docs at https://www.home-assistant.io/integrations/mqtt
Invalid config for 'mqtt' at configuration.yaml, line 18: 'port' is an invalid option for 'mqtt', check: mqtt->0->port, please check the docs at https://www.home-assistant.io/integrations/mqtt
2025-06-28 23:18:41.238 ERROR (MainThread) [homeassistant.setup] Setup failed for 'mqtt': Invalid config.
2025-06-28 23:18:41.255 INFO (MainThread) [homeassistant.setup] Setting up go2rtc
2025-06-28 23:18:41.256 INFO (MainThread) [homeassistant.setup] Setting up automation
2025-06-28 23:18:41.256 INFO (MainThread) [homeassistant.setup] Setup of domain automation took 0.00 seconds
2025-06-28 23:18:41.275 INFO (MainThread) [homeassistant.setup] Setting up mobile_app
2025-06-28 23:18:41.275 INFO (MainThread) [homeassistant.setup] Setting up notify
2025-06-28 23:18:41.276 INFO (MainThread) [homeassistant.setup] Setup of domain notify took 0.00 seconds
2025-06-28 23:18:41.276 INFO (MainThread) [homeassistant.setup] Setup of domain mobile_app took 0.00 seconds
2025-06-28 23:18:41.276 INFO (MainThread) [homeassistant.components.notify] Setting up notify.mobile_app
2025-06-28 23:18:41.277 INFO (MainThread) [homeassistant.components.sensor] Setting up energy.sensor
2025-06-28 23:18:41.278 INFO (MainThread) [homeassistant.setup] Setting up analytics
2025-06-28 23:18:41.279 INFO (MainThread) [homeassistant.setup] Setup of domain analytics took 0.00 seconds
2025-06-28 23:18:41.320 INFO (MainThread) [homeassistant.setup] Setup of domain go2rtc took 0.07 seconds
2025-06-28 23:18:41.321 INFO (MainThread) [homeassistant.setup] Setting up default_config
2025-06-28 23:18:41.321 INFO (MainThread) [homeassistant.setup] Setup of domain default_config took 0.00 seconds
2025-06-28 23:18:41.321 INFO (MainThread) [homeassistant.bootstrap] Home Assistant initialized in 1.60s
2025-06-28 23:18:41.321 INFO (MainThread) [homeassistant.core] Starting Home Assistant
2025-06-28 23:18:41.325 WARNING (MainThread) [homeassistant.components.homeassistant.triggers.numeric_state] Error initializing 'XCC Temperature Alert' trigger: In 'numeric_state' condition: unknown entity sensor.xcc_outdoor_temperature
2025-06-28 23:18:41.325 INFO (MainThread) [homeassistant.components.automation.xcc_temperature_alert] Initialized trigger XCC Temperature Alert
2025-06-28 23:18:41.341 INFO (MainThread) [homeassistant.setup] Setting up event
2025-06-28 23:18:41.341 INFO (MainThread) [homeassistant.components.event] Setting up backup.event
2025-06-28 23:18:41.342 INFO (MainThread) [homeassistant.helpers.entity_registry] Registered new event.backup entity: event.backup_automatic_backup
2025-06-28 23:18:41.342 INFO (MainThread) [homeassistant.components.sensor] Setting up backup.sensor
2025-06-28 23:18:41.342 INFO (MainThread) [homeassistant.helpers.entity_registry] Registered new sensor.backup entity: sensor.backup_backup_manager_state
2025-06-28 23:18:41.342 INFO (MainThread) [homeassistant.helpers.entity_registry] Registered new sensor.backup entity: sensor.backup_next_scheduled_automatic_backup
2025-06-28 23:18:41.342 INFO (MainThread) [homeassistant.helpers.entity_registry] Registered new sensor.backup entity: sensor.backup_last_successful_automatic_backup
2025-06-28 23:18:41.343 INFO (MainThread) [homeassistant.helpers.entity_registry] Registered new sensor.backup entity: sensor.backup_last_attempted_automatic_backup
2025-06-28 23:42:09.359 INFO (MainThread) [homeassistant.helpers.entity_registry] Registered new person.person entity: person.test
2025-06-28 23:42:20.847 WARNING (MainThread) [homeassistant.helpers.translation] Failed to load integration for translation: Invalid domain cloud.tts
2025-06-28 23:42:20.849 WARNING (MainThread) [homeassistant.helpers.translation] Failed to load integration for translation: Invalid domain sun.sensor
2025-06-28 23:42:20.849 WARNING (MainThread) [homeassistant.helpers.translation] Failed to load integration for translation: Invalid domain homeassistant.scene
2025-06-28 23:42:20.849 WARNING (MainThread) [homeassistant.helpers.translation] Failed to load integration for translation: Invalid domain backup.event
2025-06-28 23:42:20.849 WARNING (MainThread) [homeassistant.helpers.translation] Failed to load integration for translation: Invalid domain backup.sensor
2025-06-28 23:42:20.849 WARNING (MainThread) [homeassistant.helpers.translation] Failed to load integration for translation: Invalid domain mobile_app.notify
2025-06-28 23:42:20.849 WARNING (MainThread) [homeassistant.helpers.translation] Failed to load integration for translation: Invalid domain energy.sensor
2025-06-28 23:42:20.850 WARNING (MainThread) [homeassistant.helpers.translation] Failed to load integration for translation: Invalid domain template.sensor
2025-06-28 23:42:20.861 INFO (SyncWorker_9) [homeassistant.loader] Loaded shopping_list from homeassistant.components.shopping_list
2025-06-28 23:42:20.862 INFO (SyncWorker_0) [homeassistant.loader] Loaded radio_browser from homeassistant.components.radio_browser
2025-06-28 23:42:20.864 INFO (SyncWorker_1) [homeassistant.loader] Loaded google_translate from homeassistant.components.google_translate
2025-06-28 23:42:20.866 INFO (SyncWorker_6) [homeassistant.loader] Loaded met from homeassistant.components.met
2025-06-28 23:42:20.868 INFO (MainThread) [homeassistant.setup] Setting up shopping_list
2025-06-28 23:42:20.917 INFO (MainThread) [homeassistant.setup] Setting up radio_browser
2025-06-28 23:42:20.918 INFO (MainThread) [homeassistant.setup] Setting up todo
2025-06-28 23:42:20.924 INFO (MainThread) [homeassistant.components.todo] Setting up shopping_list.todo
2025-06-28 23:42:20.925 INFO (MainThread) [homeassistant.helpers.entity_registry] Registered new todo.shopping_list entity: todo.nakupni_seznam
2025-06-28 23:42:20.927 INFO (MainThread) [homeassistant.setup] Setting up google_translate
2025-06-28 23:42:20.940 INFO (MainThread) [homeassistant.components.tts] Setting up google_translate.tts
2025-06-28 23:42:20.941 INFO (MainThread) [homeassistant.helpers.entity_registry] Registered new tts.google_translate entity: tts.google_translate_en_com
2025-06-28 23:43:25.207 INFO (SyncWorker_2) [homeassistant.loader] Loaded history_stats from homeassistant.components.history_stats
2025-06-28 23:43:25.208 INFO (SyncWorker_2) [homeassistant.loader] Loaded utility_meter from homeassistant.components.utility_meter
2025-06-28 23:43:25.208 INFO (SyncWorker_2) [homeassistant.loader] Loaded season from homeassistant.components.season
2025-06-28 23:43:25.209 INFO (SyncWorker_2) [homeassistant.loader] Loaded remote_calendar from homeassistant.components.remote_calendar
2025-06-28 23:43:25.209 INFO (SyncWorker_2) [homeassistant.loader] Loaded demo from homeassistant.components.demo
2025-06-28 23:43:25.209 INFO (SyncWorker_2) [homeassistant.loader] Loaded rpi_power from homeassistant.components.rpi_power
2025-06-28 23:43:25.209 INFO (SyncWorker_2) [homeassistant.loader] Loaded alert from homeassistant.components.alert
2025-06-28 23:43:25.210 INFO (SyncWorker_2) [homeassistant.loader] Loaded tod from homeassistant.components.tod
2025-06-28 23:43:25.210 INFO (SyncWorker_2) [homeassistant.loader] Loaded energenie_power_sockets from homeassistant.components.energenie_power_sockets
2025-06-28 23:43:25.210 INFO (SyncWorker_2) [homeassistant.loader] Loaded time_date from homeassistant.components.time_date
2025-06-28 23:43:25.210 INFO (SyncWorker_2) [homeassistant.loader] Loaded waze_travel_time from homeassistant.components.waze_travel_time
2025-06-28 23:43:25.211 INFO (SyncWorker_2) [homeassistant.loader] Loaded garages_amsterdam from homeassistant.components.garages_amsterdam
2025-06-28 23:43:25.211 INFO (SyncWorker_2) [homeassistant.loader] Loaded local_calendar from homeassistant.components.local_calendar
2025-06-28 23:43:25.211 INFO (SyncWorker_2) [homeassistant.loader] Loaded moehlenhoff_alpha2 from homeassistant.components.moehlenhoff_alpha2
2025-06-28 23:43:25.211 INFO (SyncWorker_2) [homeassistant.loader] Loaded zodiac from homeassistant.components.zodiac
2025-06-28 23:43:25.212 INFO (SyncWorker_2) [homeassistant.loader] Loaded google_travel_time from homeassistant.components.google_travel_time
2025-06-28 23:43:25.212 INFO (SyncWorker_2) [homeassistant.loader] Loaded local_todo from homeassistant.components.local_todo
2025-06-28 23:43:25.212 INFO (SyncWorker_2) [homeassistant.loader] Loaded emulated_roku from homeassistant.components.emulated_roku
2025-06-28 23:43:25.212 INFO (SyncWorker_2) [homeassistant.loader] Loaded version from homeassistant.components.version
2025-06-28 23:43:25.213 INFO (SyncWorker_2) [homeassistant.loader] Loaded nextbus from homeassistant.components.nextbus
2025-06-28 23:43:25.213 INFO (SyncWorker_2) [homeassistant.loader] Loaded uptime from homeassistant.components.uptime
2025-06-28 23:43:25.213 INFO (SyncWorker_2) [homeassistant.loader] Loaded cpuspeed from homeassistant.components.cpuspeed
2025-06-28 23:43:25.213 INFO (SyncWorker_2) [homeassistant.loader] Loaded generic_thermostat from homeassistant.components.generic_thermostat
2025-06-28 23:43:25.213 INFO (SyncWorker_2) [homeassistant.loader] Loaded min_max from homeassistant.components.min_max
2025-06-28 23:43:25.214 INFO (SyncWorker_2) [homeassistant.loader] Loaded derivative from homeassistant.components.derivative
2025-06-28 23:43:25.214 INFO (SyncWorker_2) [homeassistant.loader] Loaded local_ip from homeassistant.components.local_ip
2025-06-28 23:43:25.214 INFO (SyncWorker_2) [homeassistant.loader] Loaded generic from homeassistant.components.generic
2025-06-28 23:43:25.214 INFO (SyncWorker_2) [homeassistant.loader] Loaded mold_indicator from homeassistant.components.mold_indicator
2025-06-28 23:43:25.214 INFO (SyncWorker_2) [homeassistant.loader] Loaded holiday from homeassistant.components.holiday
2025-06-28 23:43:25.215 INFO (SyncWorker_2) [homeassistant.loader] Loaded random from homeassistant.components.random
2025-06-28 23:43:25.215 INFO (SyncWorker_2) [homeassistant.loader] Loaded threshold from homeassistant.components.threshold
2025-06-28 23:43:25.215 INFO (SyncWorker_2) [homeassistant.loader] Loaded workday from homeassistant.components.workday
2025-06-28 23:43:25.215 INFO (SyncWorker_2) [homeassistant.loader] Loaded aurora from homeassistant.components.aurora
2025-06-28 23:43:25.215 INFO (SyncWorker_2) [homeassistant.loader] Loaded statistics from homeassistant.components.statistics
2025-06-28 23:43:25.216 INFO (SyncWorker_2) [homeassistant.loader] Loaded homekit_controller from homeassistant.components.homekit_controller
2025-06-28 23:43:25.216 INFO (SyncWorker_2) [homeassistant.loader] Loaded growatt_server from homeassistant.components.growatt_server
2025-06-28 23:43:25.216 INFO (SyncWorker_2) [homeassistant.loader] Loaded proximity from homeassistant.components.proximity
2025-06-28 23:43:25.216 INFO (SyncWorker_2) [homeassistant.loader] Loaded filter from homeassistant.components.filter
2025-06-28 23:43:25.216 INFO (SyncWorker_2) [homeassistant.loader] Loaded trend from homeassistant.components.trend
2025-06-28 23:43:25.216 INFO (SyncWorker_2) [homeassistant.loader] Loaded cert_expiry from homeassistant.components.cert_expiry
2025-06-28 23:43:25.217 INFO (SyncWorker_2) [homeassistant.loader] Loaded generic_hygrostat from homeassistant.components.generic_hygrostat
2025-06-28 23:43:25.217 INFO (SyncWorker_2) [homeassistant.loader] Loaded moon from homeassistant.components.moon
2025-06-28 23:43:25.217 INFO (SyncWorker_2) [homeassistant.loader] Loaded nmap_tracker from homeassistant.components.nmap_tracker
2025-06-28 23:43:25.217 INFO (SyncWorker_2) [homeassistant.loader] Loaded filesize from homeassistant.components.filesize
2025-06-28 23:43:25.217 INFO (SyncWorker_2) [homeassistant.loader] Loaded plant from homeassistant.components.plant
2025-06-28 23:43:25.218 INFO (SyncWorker_2) [homeassistant.loader] Loaded integration from homeassistant.components.integration
2025-06-28 23:43:25.218 INFO (SyncWorker_2) [homeassistant.loader] Loaded islamic_prayer_times from homeassistant.components.islamic_prayer_times
2025-06-28 23:43:31.296 ERROR (MainThread) [homeassistant.setup] Unable to set up dependencies of 'xcc'. Setup failed for dependencies: ['mqtt']
